  Menu.cpp
  admin.cpp
  Generating Code...
libcpmtd.lib(_tolower.obj) : error LNK2001: unresolved external symbol __calloc_dbg
libcpmtd.lib(locale.obj) : error LNK2001: unresolved external symbol __calloc_dbg
libcpmtd.lib(wlocale.obj) : error LNK2001: unresolved external symbol __calloc_dbg
libcpmtd.lib(xlocale.obj) : error LNK2001: unresolved external symbol __calloc_dbg
Menu.obj : error LNK2001: unresolved external symbol __calloc_dbg
paper.obj : error LNK2001: unresolved external symbol __calloc_dbg
student.obj : error LNK2001: unresolved external symbol __calloc_dbg
teacher.obj : error LNK2001: unresolved external symbol __calloc_dbg
admin.obj : error LNK2001: unresolved external symbol __calloc_dbg
auth.obj : error LNK2001: unresolved external symbol __calloc_dbg
check.obj : error LNK2001: unresolved external symbol __calloc_dbg
date_sheet.obj : error LNK2001: unresolved external symbol __calloc_dbg
libcpmtd.lib(StlCompareStringA.obj) : error LNK2001: unresolved external symbol __free_dbg
libcpmtd.lib(StlLCMapStringA.obj) : error LNK2001: unresolved external symbol __free_dbg
libcpmtd.lib(wlocale.obj) : error LNK2001: unresolved external symbol __free_dbg
libcpmtd.lib(xlocale.obj) : error LNK2001: unresolved external symbol __free_dbg
libcpmtd.lib(xwcsxfrm.obj) : error LNK2001: unresolved external symbol __free_dbg
libcpmtd.lib(locale0.obj) : error LNK2001: unresolved external symbol __free_dbg
libcpmtd.lib(cin.obj) : error LNK2001: unresolved external symbol __free_dbg
libcpmtd.lib(cout.obj) : error LNK2001: unresolved external symbol __free_dbg
libcpmtd.lib(locale.obj) : error LNK2001: unresolved external symbol __free_dbg
Menu.obj : error LNK2001: unresolved external symbol __free_dbg
paper.obj : error LNK2001: unresolved external symbol __free_dbg
student.obj : error LNK2001: unresolved external symbol __free_dbg
teacher.obj : error LNK2001: unresolved external symbol __free_dbg
admin.obj : error LNK2001: unresolved external symbol __free_dbg
auth.obj : error LNK2001: unresolved external symbol __free_dbg
check.obj : error LNK2001: unresolved external symbol __free_dbg
date_sheet.obj : error LNK2001: unresolved external symbol __free_dbg
libcpmtd.lib(StlCompareStringA.obj) : error LNK2001: unresolved external symbol __malloc_dbg
libcpmtd.lib(StlLCMapStringA.obj) : error LNK2001: unresolved external symbol __malloc_dbg
libcpmtd.lib(wlocale.obj) : error LNK2001: unresolved external symbol __malloc_dbg
libcpmtd.lib(xlocale.obj) : error LNK2001: unresolved external symbol __malloc_dbg
libcpmtd.lib(xwcsxfrm.obj) : error LNK2001: unresolved external symbol __malloc_dbg
libcpmtd.lib(locale0.obj) : error LNK2001: unresolved external symbol __malloc_dbg
libcpmtd.lib(cin.obj) : error LNK2001: unresolved external symbol __malloc_dbg
libcpmtd.lib(cout.obj) : error LNK2001: unresolved external symbol __malloc_dbg
libcpmtd.lib(locale.obj) : error LNK2001: unresolved external symbol __malloc_dbg
Menu.obj : error LNK2001: unresolved external symbol __malloc_dbg
paper.obj : error LNK2001: unresolved external symbol __malloc_dbg
student.obj : error LNK2001: unresolved external symbol __malloc_dbg
teacher.obj : error LNK2001: unresolved external symbol __malloc_dbg
admin.obj : error LNK2001: unresolved external symbol __malloc_dbg
auth.obj : error LNK2001: unresolved external symbol __malloc_dbg
check.obj : error LNK2001: unresolved external symbol __malloc_dbg
date_sheet.obj : error LNK2001: unresolved external symbol __malloc_dbg
libcpmtd.lib(wlocale.obj) : error LNK2001: unresolved external symbol __CrtDbgReport
libcpmtd.lib(xlocale.obj) : error LNK2001: unresolved external symbol __CrtDbgReport
teacher.obj : error LNK2001: unresolved external symbol __CrtDbgReport
libcpmtd.lib(cin.obj) : error LNK2001: unresolved external symbol __CrtDbgReport
libcpmtd.lib(cout.obj) : error LNK2001: unresolved external symbol __CrtDbgReport
libcpmtd.lib(locale.obj) : error LNK2001: unresolved external symbol __CrtDbgReport
date_sheet.obj : error LNK2001: unresolved external symbol __CrtDbgReport
Menu.obj : error LNK2001: unresolved external symbol __CrtDbgReport
paper.obj : error LNK2001: unresolved external symbol __CrtDbgReport
student.obj : error LNK2001: unresolved external symbol __CrtDbgReport
admin.obj : error LNK2001: unresolved external symbol __CrtDbgReport
auth.obj : error LNK2001: unresolved external symbol __CrtDbgReport
check.obj : error LNK2001: unresolved external symbol __CrtDbgReport
constant.obj : error LNK2001: unresolved external symbol __CrtDbgReport
libcpmtd.lib(_tolower.obj) : error LNK2019: unresolved external symbol __wcsdup_dbg referenced in function __Getctype
libcpmtd.lib(xstrcoll.obj) : error LNK2001: unresolved external symbol __wcsdup_dbg
libcpmtd.lib(locale.obj) : error LNK2019: unresolved external symbol __realloc_dbg referenced in function "private: static void __cdecl std::locale::_Locimp::_Locimp_Addfac(class std::locale::_Locimp *,class std::locale::facet *,unsigned int)" (?_Locimp_Addfac@_Locimp@locale@std@@CAXPAV123@PAVfacet@23@I@Z)
libcpmtd.lib(StlLCMapStringA.obj) : error LNK2019: unresolved external symbol __CrtDbgReportW referenced in function __freea_crt
libcpmtd.lib(xmbtowc.obj) : error LNK2001: unresolved external symbol __CrtDbgReportW
libcpmtd.lib(StlCompareStringA.obj) : error LNK2001: unresolved external symbol __CrtDbgReportW
C:\SE\Examination_System\Debug\Examination_System.exe : fatal error LNK1120: 7 unresolved externals
